<?xml version="1.0" encoding="UTF-8"?>
<testng-results skipped="0" failed="2" ignored="0" total="3" passed="1">
  <reporter-output>
  </reporter-output>
  <suite name="Suite" duration-ms="223187" started-at="2020-10-29T13:20:11 IST" finished-at="2020-10-29T13:23:55 IST">
    <groups>
    </groups>
    <test name="Test" duration-ms="223187" started-at="2020-10-29T13:20:11 IST" finished-at="2020-10-29T13:23:55 IST">
      <class name="siemens.energy.org.crm.selenium.test.ProbabilityCalculationTest">
        <test-method status="PASS" signature="launchBrowser()[pri:0, instance:siemens.energy.org.crm.selenium.test.ProbabilityCalculationTest@458c1321]" name="launchBrowser" is-config="true" duration-ms="50240" started-at="2020-10-29T13:20:11 IST" finished-at="2020-10-29T13:21:02 IST">
          <reporter-output>
          </reporter-output>
        </test-method> <!-- launchBrowser -->
        <test-method status="PASS" signature="probablityValidation(java.lang.String, java.lang.String)[pri:1, instance:siemens.energy.org.crm.selenium.test.ProbabilityCalculationTest@458c1321]" name="probablityValidation" duration-ms="37875" started-at="2020-10-29T13:21:05 IST" data-provider="businessUserAndProfile" finished-at="2020-10-29T13:21:42 IST">
          <params>
            <param index="0">
              <value>
                <![CDATA[TestDataDoNotUse_PGDRStandard]]>
              </value>
            </param>
            <param index="1">
              <value>
                <![CDATA[PG DR standard ]]>
              </value>
            </param>
          </params>
          <reporter-output>
          </reporter-output>
        </test-method> <!-- probablityValidation -->
        <test-method status="PASS" signature="tearDown(org.testng.ITestResult)[pri:0, instance:siemens.energy.org.crm.selenium.test.ProbabilityCalculationTest@458c1321]" name="tearDown" is-config="true" duration-ms="1220" started-at="2020-10-29T13:21:43 IST" finished-at="2020-10-29T13:21:44 IST">
          <params>
            <param index="0">
              <value>
                <![CDATA[[TestResult name=probablityValidation status=SUCCESS method=ProbabilityCalculationTest.probablityValidation(java.lang.String, java.lang.String)[pri:1, instance:siemens.energy.org.crm.selenium.test.ProbabilityCalculationTest@458c1321] output={null}]]]>
              </value>
            </param>
          </params>
          <reporter-output>
          </reporter-output>
        </test-method> <!-- tearDown -->
        <test-method status="FAIL" signature="probablityValidation(java.lang.String, java.lang.String)[pri:1, instance:siemens.energy.org.crm.selenium.test.ProbabilityCalculationTest@458c1321]" name="probablityValidation" duration-ms="74200" started-at="2020-10-29T13:21:44 IST" data-provider="businessUserAndProfile" finished-at="2020-10-29T13:22:58 IST">
          <params>
            <param index="0">
              <value>
                <![CDATA[TestDataDoNotUse_PGEngineBusiness]]>
              </value>
            </param>
            <param index="1">
              <value>
                <![CDATA[PG Engine Business]]>
              </value>
            </param>
          </params>
          <exception class="org.openqa.selenium.NoSuchElementException">
            <message>
              <![CDATA[no such element: Unable to locate element: {"method":"xpath","selector":"//*[@id="oneHeader"]/div[1]/div/a"}
  (Session info: chrome=86.0.4240.111)
For documentation on this error, please visit: https://www.seleniumhq.org/exceptions/no_such_element.html
Build info: version: '3.141.59', revision: 'e82be7d358', time: '2018-11-14T08:17:03'
System info: host: 'MD2KMYDC', ip: '192.168.1.6', os.name: 'Windows 10', os.arch: 'amd64', os.version: '10.0', java.version: '1.8.0_221'
Driver info: org.openqa.selenium.chrome.ChromeDriver
Capabilities {acceptInsecureCerts: false, browserName: chrome, browserVersion: 86.0.4240.111, chrome: {chromedriverVersion: 85.0.4183.87 (cd6713ebf92fa..., userDataDir: C:\Users\Z003r03h\AppData\L...}, goog:chromeOptions: {debuggerAddress: localhost:62590}, javascriptEnabled: true, networkConnectionEnabled: false, pageLoadStrategy: normal, platform: WINDOWS, platformName: WINDOWS, proxy: Proxy(), setWindowRect: true, strictFileInteractability: false, timeouts: {implicit: 0, pageLoad: 300000, script: 30000}, unhandledPromptBehavior: dismiss and notify, webauthn:virtualAuthenticators: true}
Session ID: 68c8d58795122de55b3b98c33de09835
*** Element info: {Using=xpath, value=//*[@id="oneHeader"]/div[1]/div/a}]]>
            </message>
            <full-stacktrace>
              <![CDATA[org.openqa.selenium.NoSuchElementException: no such element: Unable to locate element: {"method":"xpath","selector":"//*[@id="oneHeader"]/div[1]/div/a"}
  (Session info: chrome=86.0.4240.111)
For documentation on this error, please visit: https://www.seleniumhq.org/exceptions/no_such_element.html
Build info: version: '3.141.59', revision: 'e82be7d358', time: '2018-11-14T08:17:03'
System info: host: 'MD2KMYDC', ip: '192.168.1.6', os.name: 'Windows 10', os.arch: 'amd64', os.version: '10.0', java.version: '1.8.0_221'
Driver info: org.openqa.selenium.chrome.ChromeDriver
Capabilities {acceptInsecureCerts: false, browserName: chrome, browserVersion: 86.0.4240.111, chrome: {chromedriverVersion: 85.0.4183.87 (cd6713ebf92fa..., userDataDir: C:\Users\Z003r03h\AppData\L...}, goog:chromeOptions: {debuggerAddress: localhost:62590}, javascriptEnabled: true, networkConnectionEnabled: false, pageLoadStrategy: normal, platform: WINDOWS, platformName: WINDOWS, proxy: Proxy(), setWindowRect: true, strictFileInteractability: false, timeouts: {implicit: 0, pageLoad: 300000, script: 30000}, unhandledPromptBehavior: dismiss and notify, webauthn:virtualAuthenticators: true}
Session ID: 68c8d58795122de55b3b98c33de09835
*** Element info: {Using=xpath, value=//*[@id="oneHeader"]/div[1]/div/a}
at sun.reflect.NativeConstructorAccessorImpl.newInstance0(Native Method)
at sun.reflect.NativeConstructorAccessorImpl.newInstance(Unknown Source)
at sun.reflect.DelegatingConstructorAccessorImpl.newInstance(Unknown Source)
at java.lang.reflect.Constructor.newInstance(Unknown Source)
at org.openqa.selenium.remote.http.W3CHttpResponseCodec.createException(W3CHttpResponseCodec.java:187)
at org.openqa.selenium.remote.http.W3CHttpResponseCodec.decode(W3CHttpResponseCodec.java:122)
at org.openqa.selenium.remote.http.W3CHttpResponseCodec.decode(W3CHttpResponseCodec.java:49)
at org.openqa.selenium.remote.HttpCommandExecutor.execute(HttpCommandExecutor.java:158)
at org.openqa.selenium.remote.service.DriverCommandExecutor.execute(DriverCommandExecutor.java:83)
at org.openqa.selenium.remote.RemoteWebDriver.execute(RemoteWebDriver.java:552)
at org.openqa.selenium.remote.RemoteWebDriver.findElement(RemoteWebDriver.java:323)
at org.openqa.selenium.remote.RemoteWebDriver.findElementByXPath(RemoteWebDriver.java:428)
at org.openqa.selenium.By$ByXPath.findElement(By.java:353)
at org.openqa.selenium.remote.RemoteWebDriver.findElement(RemoteWebDriver.java:315)
at siemens.energy.org.crm.selenium.common.BasePage.getElement(BasePage.java:39)
at siemens.energy.org.crm.selenium.common.BasePage.click(BasePage.java:84)
at siemens.energy.org.crm.selenium.test.ProbabilityCalculationTest.probablityValidation(ProbabilityCalculationTest.java:282)
at sun.reflect.NativeMethodAccessorImpl.invoke0(Native Method)
at sun.reflect.NativeMethodAccessorImpl.invoke(Unknown Source)
at sun.reflect.DelegatingMethodAccessorImpl.invoke(Unknown Source)
at java.lang.reflect.Method.invoke(Unknown Source)
at org.testng.internal.MethodInvocationHelper.invokeMethod(MethodInvocationHelper.java:133)
at org.testng.internal.TestInvoker.invokeMethod(TestInvoker.java:584)
at org.testng.internal.TestInvoker.invokeTestMethod(TestInvoker.java:172)
at org.testng.internal.MethodRunner.runInSequence(MethodRunner.java:46)
at org.testng.internal.TestInvoker$MethodInvocationAgent.invoke(TestInvoker.java:804)
at org.testng.internal.TestInvoker.invokeTestMethods(TestInvoker.java:145)
at org.testng.internal.TestMethodWorker.invokeTestMethods(TestMethodWorker.java:146)
at org.testng.internal.TestMethodWorker.run(TestMethodWorker.java:128)
at java.util.ArrayList.forEach(Unknown Source)
at org.testng.TestRunner.privateRun(TestRunner.java:770)
at org.testng.TestRunner.run(TestRunner.java:591)
at org.testng.SuiteRunner.runTest(SuiteRunner.java:402)
at org.testng.SuiteRunner.runSequentially(SuiteRunner.java:396)
at org.testng.SuiteRunner.privateRun(SuiteRunner.java:355)
at org.testng.SuiteRunner.run(SuiteRunner.java:304)
at org.testng.SuiteRunnerWorker.runSuite(SuiteRunnerWorker.java:53)
at org.testng.SuiteRunnerWorker.run(SuiteRunnerWorker.java:96)
at org.testng.TestNG.runSuitesSequentially(TestNG.java:1180)
at org.testng.TestNG.runSuitesLocally(TestNG.java:1102)
at org.testng.TestNG.runSuites(TestNG.java:1032)
at org.testng.TestNG.run(TestNG.java:1000)
at org.testng.remote.AbstractRemoteTestNG.run(AbstractRemoteTestNG.java:115)
at org.testng.remote.RemoteTestNG.initAndRun(RemoteTestNG.java:251)
at org.testng.remote.RemoteTestNG.main(RemoteTestNG.java:77)
]]>
            </full-stacktrace>
          </exception> <!-- org.openqa.selenium.NoSuchElementException -->
          <reporter-output>
          </reporter-output>
        </test-method> <!-- probablityValidation -->
        <test-method status="PASS" signature="tearDown(org.testng.ITestResult)[pri:0, instance:siemens.energy.org.crm.selenium.test.ProbabilityCalculationTest@458c1321]" name="tearDown" is-config="true" duration-ms="734" started-at="2020-10-29T13:22:58 IST" finished-at="2020-10-29T13:22:59 IST">
          <params>
            <param index="0">
              <value>
                <![CDATA[[TestResult name=probablityValidation status=FAILURE method=ProbabilityCalculationTest.probablityValidation(java.lang.String, java.lang.String)[pri:1, instance:siemens.energy.org.crm.selenium.test.ProbabilityCalculationTest@458c1321] output={null}]]]>
              </value>
            </param>
          </params>
          <reporter-output>
          </reporter-output>
        </test-method> <!-- tearDown -->
        <test-method status="FAIL" signature="probablityValidation(java.lang.String, java.lang.String)[pri:1, instance:siemens.energy.org.crm.selenium.test.ProbabilityCalculationTest@458c1321]" name="probablityValidation" duration-ms="50958" started-at="2020-10-29T13:22:59 IST" data-provider="businessUserAndProfile" finished-at="2020-10-29T13:23:50 IST">
          <params>
            <param index="0">
              <value>
                <![CDATA[TestDataDoNotUse_PGSStandard]]>
              </value>
            </param>
            <param index="1">
              <value>
                <![CDATA[PG S standard]]>
              </value>
            </param>
          </params>
          <exception class="org.openqa.selenium.NoSuchElementException">
            <message>
              <![CDATA[Cannot locate an element using xpath=//*[@id="oneHeader"]/div[1]/div/a
For documentation on this error, please visit: https://www.seleniumhq.org/exceptions/no_such_element.html
Build info: version: '3.141.59', revision: 'e82be7d358', time: '2018-11-14T08:17:03'
System info: host: 'MD2KMYDC', ip: '192.168.1.6', os.name: 'Windows 10', os.arch: 'amd64', os.version: '10.0', java.version: '1.8.0_221'
Driver info: driver.version: RemoteWebDriver]]>
            </message>
            <full-stacktrace>
              <![CDATA[org.openqa.selenium.NoSuchElementException: Cannot locate an element using xpath=//*[@id="oneHeader"]/div[1]/div/a
For documentation on this error, please visit: https://www.seleniumhq.org/exceptions/no_such_element.html
Build info: version: '3.141.59', revision: 'e82be7d358', time: '2018-11-14T08:17:03'
System info: host: 'MD2KMYDC', ip: '192.168.1.6', os.name: 'Windows 10', os.arch: 'amd64', os.version: '10.0', java.version: '1.8.0_221'
Driver info: driver.version: RemoteWebDriver
at org.openqa.selenium.remote.RemoteWebDriver.findElement(RemoteWebDriver.java:327)
at org.openqa.selenium.remote.RemoteWebDriver.findElementByXPath(RemoteWebDriver.java:428)
at org.openqa.selenium.By$ByXPath.findElement(By.java:353)
at org.openqa.selenium.remote.RemoteWebDriver.findElement(RemoteWebDriver.java:315)
at siemens.energy.org.crm.selenium.common.BasePage.getElement(BasePage.java:39)
at siemens.energy.org.crm.selenium.common.BasePage.click(BasePage.java:84)
at siemens.energy.org.crm.selenium.test.ProbabilityCalculationTest.probablityValidation(ProbabilityCalculationTest.java:282)
at sun.reflect.NativeMethodAccessorImpl.invoke0(Native Method)
at sun.reflect.NativeMethodAccessorImpl.invoke(Unknown Source)
at sun.reflect.DelegatingMethodAccessorImpl.invoke(Unknown Source)
at java.lang.reflect.Method.invoke(Unknown Source)
at org.testng.internal.MethodInvocationHelper.invokeMethod(MethodInvocationHelper.java:133)
at org.testng.internal.TestInvoker.invokeMethod(TestInvoker.java:584)
at org.testng.internal.TestInvoker.invokeTestMethod(TestInvoker.java:172)
at org.testng.internal.MethodRunner.runInSequence(MethodRunner.java:46)
at org.testng.internal.TestInvoker$MethodInvocationAgent.invoke(TestInvoker.java:804)
at org.testng.internal.TestInvoker.invokeTestMethods(TestInvoker.java:145)
at org.testng.internal.TestMethodWorker.invokeTestMethods(TestMethodWorker.java:146)
at org.testng.internal.TestMethodWorker.run(TestMethodWorker.java:128)
at java.util.ArrayList.forEach(Unknown Source)
at org.testng.TestRunner.privateRun(TestRunner.java:770)
at org.testng.TestRunner.run(TestRunner.java:591)
at org.testng.SuiteRunner.runTest(SuiteRunner.java:402)
at org.testng.SuiteRunner.runSequentially(SuiteRunner.java:396)
at org.testng.SuiteRunner.privateRun(SuiteRunner.java:355)
at org.testng.SuiteRunner.run(SuiteRunner.java:304)
at org.testng.SuiteRunnerWorker.runSuite(SuiteRunnerWorker.java:53)
at org.testng.SuiteRunnerWorker.run(SuiteRunnerWorker.java:96)
at org.testng.TestNG.runSuitesSequentially(TestNG.java:1180)
at org.testng.TestNG.runSuitesLocally(TestNG.java:1102)
at org.testng.TestNG.runSuites(TestNG.java:1032)
at org.testng.TestNG.run(TestNG.java:1000)
at org.testng.remote.AbstractRemoteTestNG.run(AbstractRemoteTestNG.java:115)
at org.testng.remote.RemoteTestNG.initAndRun(RemoteTestNG.java:251)
at org.testng.remote.RemoteTestNG.main(RemoteTestNG.java:77)
]]>
            </full-stacktrace>
          </exception> <!-- org.openqa.selenium.NoSuchElementException -->
          <reporter-output>
          </reporter-output>
        </test-method> <!-- probablityValidation -->
        <test-method status="PASS" signature="tearDown(org.testng.ITestResult)[pri:0, instance:siemens.energy.org.crm.selenium.test.ProbabilityCalculationTest@458c1321]" name="tearDown" is-config="true" duration-ms="4845" started-at="2020-10-29T13:23:50 IST" finished-at="2020-10-29T13:23:54 IST">
          <params>
            <param index="0">
              <value>
                <![CDATA[[TestResult name=probablityValidation status=FAILURE method=ProbabilityCalculationTest.probablityValidation(java.lang.String, java.lang.String)[pri:1, instance:siemens.energy.org.crm.selenium.test.ProbabilityCalculationTest@458c1321] output={null}]]]>
              </value>
            </param>
          </params>
          <reporter-output>
          </reporter-output>
        </test-method> <!-- tearDown -->
        <test-method status="PASS" signature="terminateBrowser()[pri:0, instance:siemens.energy.org.crm.selenium.test.ProbabilityCalculationTest@458c1321]" name="terminateBrowser" is-config="true" duration-ms="73" started-at="2020-10-29T13:23:54 IST" finished-at="2020-10-29T13:23:55 IST">
          <reporter-output>
          </reporter-output>
        </test-method> <!-- terminateBrowser -->
        <test-method status="PASS" signature="endReport()[pri:0, instance:siemens.energy.org.crm.selenium.test.ProbabilityCalculationTest@458c1321]" name="endReport" is-config="true" duration-ms="84" started-at="2020-10-29T13:23:55 IST" finished-at="2020-10-29T13:23:55 IST">
          <reporter-output>
          </reporter-output>
        </test-method> <!-- endReport -->
      </class> <!-- siemens.energy.org.crm.selenium.test.ProbabilityCalculationTest -->
    </test> <!-- Test -->
  </suite> <!-- Suite -->
</testng-results>
